<?xml version="1.0" encoding="UTF-8"?>
<!-- Generated by org.testng.reporters.JUnitReportReporter -->
<testsuite skipped="0" hostname="DESKTOP-IU9I2LU" name="Maven.Project.AppiumTest" tests="1" failures="0" timestamp="2021-04-18T21:47:47 IST" time="0.000" errors="0">
  <testcase name="AppiumTests" time="0.000" classname="Maven.Project.AppiumTest"/>
  <system-out/>
</testsuite> <!-- Maven.Project.AppiumTest -->
