<?xml version="1.0" encoding="UTF-8"?>
<!-- Generated by org.testng.reporters.JUnitReportReporter -->
<testsuite skipped="0" hostname="DESKTOP-IU9I2LU" name="Maven.Project.RESTAPITest" tests="1" failures="0" timestamp="2021-04-18T21:47:47 IST" time="0.004" errors="0">
  <testcase name="RESTAPITests" time="0.004" classname="Maven.Project.RESTAPITest"/>
  <system-out/>
</testsuite> <!-- Maven.Project.RESTAPITest -->
